2017-09-12 20:27:35,248 INFO  [org.jboss.modules] (main) JBoss Modules version 1.5.2.Final
2017-09-12 20:27:35,340 INFO  [org.jboss.msc] (main) JBoss MSC version 1.2.6.Final
2017-09-12 20:27:35,440 INFO  [org.jboss.as] (MSC service thread 1-6) WFLYSRV0049: WildFly Full 10.1.0.Final (WildFly Core 2.2.0.Final) starting
2017-09-12 20:27:35,441 DEBUG [org.jboss.as.config] (MSC service thread 1-6) Configured system properties:
	awt.toolkit = sun.awt.X11.XToolkit
	file.encoding = UTF-8
	file.encoding.pkg = sun.io
	file.separator = /
	java.awt.graphicsenv = sun.awt.X11GraphicsEnvironment
	java.awt.printerjob = sun.print.PSPrinterJob
	java.class.path = /home/erick/dacsejb/dacs-deploy/target/cargo/installs/wildfly-10.1.0.Final/wildfly-10.1.0.Final/jboss-modules.jar
	java.class.version = 52.0
	java.endorsed.dirs = /usr/lib/jvm/java-8-jdk/jre/lib/endorsed
	java.ext.dirs = /usr/lib/jvm/java-8-jdk/jre/lib/ext:/usr/java/packages/lib/ext
	java.home = /usr/lib/jvm/java-8-jdk/jre
	java.io.tmpdir = /tmp
	java.library.path = /usr/java/packages/lib/amd64:/usr/lib64:/lib64:/lib:/usr/lib
	java.runtime.name = Java(TM) SE Runtime Environment
	java.runtime.version = 1.8.0_131-b11
	java.specification.name = Java Platform API Specification
	java.specification.vendor = Oracle Corporation
	java.specification.version = 1.8
	java.util.logging.manager = org.jboss.logmanager.LogManager
	java.vendor = Oracle Corporation
	java.vendor.url = http://java.oracle.com/
	java.vendor.url.bug = http://bugreport.sun.com/bugreport/
	java.version = 1.8.0_131
	java.vm.info = mixed mode
	java.vm.name = Java HotSpot(TM) 64-Bit Server VM
	java.vm.specification.name = Java Virtual Machine Specification
	java.vm.specification.vendor = Oracle Corporation
	java.vm.specification.version = 1.8
	java.vm.vendor = Oracle Corporation
	java.vm.version = 25.131-b11
	javax.xml.datatype.DatatypeFactory = __redirected.__DatatypeFactory
	javax.xml.parsers.DocumentBuilderFactory = __redirected.__DocumentBuilderFactory
	javax.xml.parsers.SAXParserFactory = __redirected.__SAXParserFactory
	javax.xml.stream.XMLEventFactory = __redirected.__XMLEventFactory
	javax.xml.stream.XMLInputFactory = __redirected.__XMLInputFactory
	javax.xml.stream.XMLOutputFactory = __redirected.__XMLOutputFactory
	javax.xml.transform.TransformerFactory = __redirected.__TransformerFactory
	javax.xml.validation.SchemaFactory:http://www.w3.org/2001/XMLSchema = __redirected.__SchemaFactory
	javax.xml.xpath.XPathFactory:http://java.sun.com/jaxp/xpath/dom = __redirected.__XPathFactory
	jboss.bind.address = 127.0.0.1
	jboss.home.dir = /home/erick/dacsejb/dacs-deploy/target/cargo/installs/wildfly-10.1.0.Final/wildfly-10.1.0.Final
	jboss.host.name = erick-pc
	jboss.modules.dir = /home/erick/dacsejb/dacs-deploy/target/cargo/installs/wildfly-10.1.0.Final/wildfly-10.1.0.Final/modules
	jboss.node.name = erick-pc
	jboss.prev.home.dir = /home/erick/dacsejb/dacs-deploy/target/cargo/installs/wildfly-10.1.0.Final/wildfly-10.1.0.Final
	jboss.qualified.host.name = erick-pc
	jboss.server.base.dir = /home/erick/dacsejb/dacs-deploy/target/cargo/configurations/wildfly10x
	jboss.server.config.dir = /home/erick/dacsejb/dacs-deploy/target/cargo/configurations/wildfly10x/configuration
	jboss.server.data.dir = /home/erick/dacsejb/dacs-deploy/target/cargo/configurations/wildfly10x/data
	jboss.server.deploy.dir = /home/erick/dacsejb/dacs-deploy/target/cargo/configurations/wildfly10x/content
	jboss.server.log.dir = /home/erick/dacsejb/dacs-deploy/target/cargo/configurations/wildfly10x/log
	jboss.server.name = erick-pc
	jboss.server.persist.config = true
	jboss.server.temp.dir = /home/erick/dacsejb/dacs-deploy/target/cargo/configurations/wildfly10x/tmp
	line.separator = 

	logging.configuration = file:/home/erick/dacsejb/dacs-deploy/target/cargo/configurations/wildfly10x/configuration/logging.properties
	module.path = /home/erick/dacsejb/dacs-deploy/target/cargo/installs/wildfly-10.1.0.Final/wildfly-10.1.0.Final/modules
	org.jboss.boot.log.file = /home/erick/dacsejb/dacs-deploy/target/cargo/installs/wildfly-10.1.0.Final/wildfly-10.1.0.Final/standalone/log/server.log
	org.jboss.resolver.warning = true
	org.xml.sax.driver = __redirected.__XMLReaderFactory
	os.arch = amd64
	os.name = Linux
	os.version = 4.4.68-1-MANJARO
	path.separator = :
	sun.arch.data.model = 64
	sun.boot.class.path = /usr/lib/jvm/java-8-jdk/jre/lib/resources.jar:/usr/lib/jvm/java-8-jdk/jre/lib/rt.jar:/usr/lib/jvm/java-8-jdk/jre/lib/sunrsasign.jar:/usr/lib/jvm/java-8-jdk/jre/lib/jsse.jar:/usr/lib/jvm/java-8-jdk/jre/lib/jce.jar:/usr/lib/jvm/java-8-jdk/jre/lib/charsets.jar:/usr/lib/jvm/java-8-jdk/jre/lib/jfr.jar:/usr/lib/jvm/java-8-jdk/jre/classes
	sun.boot.library.path = /usr/lib/jvm/java-8-jdk/jre/lib/amd64
	sun.cpu.endian = little
	sun.cpu.isalist = 
	sun.io.unicode.encoding = UnicodeLittle
	sun.java.command = /home/erick/dacsejb/dacs-deploy/target/cargo/installs/wildfly-10.1.0.Final/wildfly-10.1.0.Final/jboss-modules.jar -mp /home/erick/dacsejb/dacs-deploy/target/cargo/installs/wildfly-10.1.0.Final/wildfly-10.1.0.Final/modules org.jboss.as.cli --file=/tmp/wildfly-1718875843177257690.cli
	sun.java.launcher = SUN_STANDARD
	sun.jnu.encoding = UTF-8
	sun.management.compiler = HotSpot 64-Bit Tiered Compilers
	sun.os.patch.level = unknown
	user.country = US
	user.dir = /home/erick/dacsejb/dacs-deploy/target/cargo/configurations/wildfly10x
	user.home = /home/erick
	user.language = en
	user.name = erick
	user.timezone = America/Sao_Paulo
2017-09-12 20:27:35,441 DEBUG [org.jboss.as.config] (MSC service thread 1-6) VM Arguments: -Dorg.jboss.boot.log.file=/home/erick/dacsejb/dacs-deploy/target/cargo/configurations/wildfly10x/log/boot.log -Dlogging.configuration=file:/home/erick/dacsejb/dacs-deploy/target/cargo/configurations/wildfly10x/configuration/logging.properties -Djboss.home.dir=/home/erick/dacsejb/dacs-deploy/target/cargo/installs/wildfly-10.1.0.Final/wildfly-10.1.0.Final -Djboss.server.base.dir=/home/erick/dacsejb/dacs-deploy/target/cargo/configurations/wildfly10x -Djboss.server.config.dir=/home/erick/dacsejb/dacs-deploy/target/cargo/configurations/wildfly10x/configuration -Djboss.server.data.dir=/home/erick/dacsejb/dacs-deploy/target/cargo/configurations/wildfly10x/data -Djboss.server.log.dir=/home/erick/dacsejb/dacs-deploy/target/cargo/configurations/wildfly10x/log -Djboss.server.temp.dir=/home/erick/dacsejb/dacs-deploy/target/cargo/configurations/wildfly10x/tmp -Djboss.server.deploy.dir=/home/erick/dacsejb/dacs-deploy/target/cargo/configurations/wildfly10x/content -Djboss.bind.address=127.0.0.1 
2017-09-12 20:27:36,957 WARN  [org.jboss.as.domain.management.security] (MSC service thread 1-6) WFLYDM0111: Keystore /home/erick/dacsejb/dacs-deploy/target/cargo/configurations/wildfly10x/configuration/application.keystore not found, it will be auto generated on first use with a self signed certificate for host localhost
2017-09-12 20:27:37,252 INFO  [org.jboss.as] (Controller Boot Thread) WFLYSRV0025: WildFly Full 10.1.0.Final (WildFly Core 2.2.0.Final) started in 1993ms - Started 37 of 51 services (22 services are lazy, passive or on-demand)
2017-09-12 20:27:37,733 INFO  [org.jboss.as] (MSC service thread 1-7) WFLYSRV0050: WildFly Full 10.1.0.Final (WildFly Core 2.2.0.Final) stopped in 15ms
