2017-09-12 20:27:34,820 INFO  [org.jboss.modules] (main) JBoss Modules version 1.5.2.Final
2017-09-12 20:27:37,569 INFO  [org.jboss.as.cli.CommandContext] (main) {"outcome" => "success"}
2017-09-12 20:27:37,587 INFO  [org.jboss.as.cli.CommandContext] (main) {"outcome" => "success"}
2017-09-12 20:27:37,606 INFO  [org.jboss.as.cli.CommandContext] (main) {"outcome" => "success"}
2017-09-12 20:27:37,626 INFO  [org.jboss.as.cli.CommandContext] (main) {"outcome" => "success"}
2017-09-12 20:27:37,642 INFO  [org.jboss.as.cli.CommandContext] (main) {"outcome" => "success"}
2017-09-12 20:27:37,683 INFO  [org.jboss.as.cli.CommandContext] (main) {"outcome" => "success"}
2017-09-12 20:27:38,901 INFO  [org.jboss.modules] (main) JBoss Modules version 1.5.2.Final
2017-09-12 20:27:39,130 INFO  [org.jboss.msc] (main) JBoss MSC version 1.2.6.Final
2017-09-12 20:27:39,228 INFO  [org.jboss.as] (MSC service thread 1-8) WFLYSRV0049: WildFly Full 10.1.0.Final (WildFly Core 2.2.0.Final) starting
2017-09-12 20:27:39,231 DEBUG [org.jboss.as.config] (MSC service thread 1-8) Configured system properties:
	[Standalone] = 
	awt.toolkit = sun.awt.X11.XToolkit
	file.encoding = UTF-8
	file.encoding.pkg = sun.io
	file.separator = /
	java.awt.graphicsenv = sun.awt.X11GraphicsEnvironment
	java.awt.printerjob = sun.print.PSPrinterJob
	java.class.path = /home/erick/dacsejb/dacs-deploy/target/cargo/installs/wildfly-10.1.0.Final/wildfly-10.1.0.Final/jboss-modules.jar
	java.class.version = 52.0
	java.endorsed.dirs = /usr/lib/jvm/java-8-jdk/jre/lib/endorsed
	java.ext.dirs = /usr/lib/jvm/java-8-jdk/jre/lib/ext:/usr/java/packages/lib/ext
	java.home = /usr/lib/jvm/java-8-jdk/jre
	java.io.tmpdir = /tmp
	java.library.path = /usr/java/packages/lib/amd64:/usr/lib64:/lib64:/lib:/usr/lib
	java.runtime.name = Java(TM) SE Runtime Environment
	java.runtime.version = 1.8.0_131-b11
	java.specification.name = Java Platform API Specification
	java.specification.vendor = Oracle Corporation
	java.specification.version = 1.8
	java.util.logging.manager = org.jboss.logmanager.LogManager
	java.vendor = Oracle Corporation
	java.vendor.url = http://java.oracle.com/
	java.vendor.url.bug = http://bugreport.sun.com/bugreport/
	java.version = 1.8.0_131
	java.vm.info = mixed mode
	java.vm.name = Java HotSpot(TM) 64-Bit Server VM
	java.vm.specification.name = Java Virtual Machine Specification
	java.vm.specification.vendor = Oracle Corporation
	java.vm.specification.version = 1.8
	java.vm.vendor = Oracle Corporation
	java.vm.version = 25.131-b11
	javax.management.builder.initial = org.jboss.as.jmx.PluggableMBeanServerBuilder
	javax.xml.datatype.DatatypeFactory = __redirected.__DatatypeFactory
	javax.xml.parsers.DocumentBuilderFactory = __redirected.__DocumentBuilderFactory
	javax.xml.parsers.SAXParserFactory = __redirected.__SAXParserFactory
	javax.xml.stream.XMLEventFactory = __redirected.__XMLEventFactory
	javax.xml.stream.XMLInputFactory = __redirected.__XMLInputFactory
	javax.xml.stream.XMLOutputFactory = __redirected.__XMLOutputFactory
	javax.xml.transform.TransformerFactory = __redirected.__TransformerFactory
	javax.xml.validation.SchemaFactory:http://www.w3.org/2001/XMLSchema = __redirected.__SchemaFactory
	javax.xml.xpath.XPathFactory:http://java.sun.com/jaxp/xpath/dom = __redirected.__XPathFactory
	jboss.bind.address = 127.0.0.1
	jboss.home.dir = /home/erick/dacsejb/dacs-deploy/target/cargo/installs/wildfly-10.1.0.Final/wildfly-10.1.0.Final
	jboss.host.name = erick-pc
	jboss.modules.dir = /home/erick/dacsejb/dacs-deploy/target/cargo/installs/wildfly-10.1.0.Final/wildfly-10.1.0.Final/modules
	jboss.node.name = erick-pc
	jboss.qualified.host.name = erick-pc
	jboss.server.base.dir = /home/erick/dacsejb/dacs-deploy/target/cargo/configurations/wildfly10x
	jboss.server.config.dir = /home/erick/dacsejb/dacs-deploy/target/cargo/configurations/wildfly10x/configuration
	jboss.server.data.dir = /home/erick/dacsejb/dacs-deploy/target/cargo/configurations/wildfly10x/data
	jboss.server.deploy.dir = /home/erick/dacsejb/dacs-deploy/target/cargo/configurations/wildfly10x/content
	jboss.server.log.dir = /home/erick/dacsejb/dacs-deploy/target/cargo/configurations/wildfly10x/log
	jboss.server.name = erick-pc
	jboss.server.persist.config = true
	jboss.server.temp.dir = /home/erick/dacsejb/dacs-deploy/target/cargo/configurations/wildfly10x/tmp
	line.separator = 

	logging.configuration = file:/home/erick/dacsejb/dacs-deploy/target/cargo/configurations/wildfly10x/configuration/logging.properties
	module.path = /home/erick/dacsejb/dacs-deploy/target/cargo/installs/wildfly-10.1.0.Final/wildfly-10.1.0.Final/modules
	org.jboss.boot.log.file = /home/erick/dacsejb/dacs-deploy/target/cargo/configurations/wildfly10x/log/boot.log
	org.jboss.resolver.warning = true
	org.xml.sax.driver = __redirected.__XMLReaderFactory
	os.arch = amd64
	os.name = Linux
	os.version = 4.4.68-1-MANJARO
	path.separator = :
	sun.arch.data.model = 64
	sun.boot.class.path = /usr/lib/jvm/java-8-jdk/jre/lib/resources.jar:/usr/lib/jvm/java-8-jdk/jre/lib/rt.jar:/usr/lib/jvm/java-8-jdk/jre/lib/sunrsasign.jar:/usr/lib/jvm/java-8-jdk/jre/lib/jsse.jar:/usr/lib/jvm/java-8-jdk/jre/lib/jce.jar:/usr/lib/jvm/java-8-jdk/jre/lib/charsets.jar:/usr/lib/jvm/java-8-jdk/jre/lib/jfr.jar:/usr/lib/jvm/java-8-jdk/jre/classes
	sun.boot.library.path = /usr/lib/jvm/java-8-jdk/jre/lib/amd64
	sun.cpu.endian = little
	sun.cpu.isalist = 
	sun.io.unicode.encoding = UnicodeLittle
	sun.java.command = /home/erick/dacsejb/dacs-deploy/target/cargo/installs/wildfly-10.1.0.Final/wildfly-10.1.0.Final/jboss-modules.jar -mp /home/erick/dacsejb/dacs-deploy/target/cargo/installs/wildfly-10.1.0.Final/wildfly-10.1.0.Final/modules org.jboss.as.standalone --server-config=standalone.xml
	sun.java.launcher = SUN_STANDARD
	sun.jnu.encoding = UTF-8
	sun.management.compiler = HotSpot 64-Bit Tiered Compilers
	sun.os.patch.level = unknown
	user.country = US
	user.dir = /home/erick/dacsejb/dacs-deploy/target/cargo/configurations/wildfly10x
	user.home = /home/erick
	user.language = en
	user.name = erick
	user.timezone = America/Sao_Paulo
2017-09-12 20:27:39,232 DEBUG [org.jboss.as.config] (MSC service thread 1-8) VM Arguments: -Xdebug -Xrunjdwp:transport=dt_socket,server=y,suspend=n,address=8000 -Xnoagent -Djava.compiler=NONE -Xms128m -Xmx512m -D[Standalone] -Dorg.jboss.boot.log.file=/home/erick/dacsejb/dacs-deploy/target/cargo/configurations/wildfly10x/log/boot.log -Dlogging.configuration=file:/home/erick/dacsejb/dacs-deploy/target/cargo/configurations/wildfly10x/configuration/logging.properties -Djboss.home.dir=/home/erick/dacsejb/dacs-deploy/target/cargo/installs/wildfly-10.1.0.Final/wildfly-10.1.0.Final -Djboss.server.base.dir=/home/erick/dacsejb/dacs-deploy/target/cargo/configurations/wildfly10x -Djboss.server.config.dir=/home/erick/dacsejb/dacs-deploy/target/cargo/configurations/wildfly10x/configuration -Djboss.server.data.dir=/home/erick/dacsejb/dacs-deploy/target/cargo/configurations/wildfly10x/data -Djboss.server.log.dir=/home/erick/dacsejb/dacs-deploy/target/cargo/configurations/wildfly10x/log -Djboss.server.temp.dir=/home/erick/dacsejb/dacs-deploy/target/cargo/configurations/wildfly10x/tmp -Djboss.server.deploy.dir=/home/erick/dacsejb/dacs-deploy/target/cargo/configurations/wildfly10x/content -Djboss.bind.address=127.0.0.1 
2017-09-12 20:27:40,781 INFO  [org.jboss.as.repository] (ServerService Thread Pool -- 27) WFLYDR0001: Content added at location /home/erick/dacsejb/dacs-deploy/target/cargo/configurations/wildfly10x/content/ed/d48543b1fb22f99e64fd6d75c53388d0393501/content
2017-09-12 20:27:40,966 INFO  [org.jboss.as.repository] (ServerService Thread Pool -- 27) WFLYDR0001: Content added at location /home/erick/dacsejb/dacs-deploy/target/cargo/configurations/wildfly10x/content/51/35b636825a693c6ecbfa8cf4c13aa7a61e5232/content
2017-09-12 20:27:40,988 INFO  [org.jboss.as.server] (Controller Boot Thread) WFLYSRV0039: Creating http management service using socket-binding (management-http)
2017-09-12 20:27:41,019 INFO  [org.xnio] (MSC service thread 1-6) XNIO version 3.4.0.Final
2017-09-12 20:27:41,031 INFO  [org.xnio.nio] (MSC service thread 1-6) XNIO NIO Implementation Version 3.4.0.Final
